mode: atomic
gitlab.com/tsuchinaga/kabus-grpc-server/server/server.go:12.165,14.2 1 1
gitlab.com/tsuchinaga/kabus-grpc-server/server/server.go:23.141,25.16 2 3
gitlab.com/tsuchinaga/kabus-grpc-server/server/server.go:29.2,29.53 1 2
gitlab.com/tsuchinaga/kabus-grpc-server/server/server.go:25.16,27.3 1 1
gitlab.com/tsuchinaga/kabus-grpc-server/server/server.go:32.141,34.16 2 3
gitlab.com/tsuchinaga/kabus-grpc-server/server/server.go:38.2,38.53 1 2
gitlab.com/tsuchinaga/kabus-grpc-server/server/server.go:34.16,36.3 1 1
gitlab.com/tsuchinaga/kabus-grpc-server/server/server.go:41.130,43.2 1 1
gitlab.com/tsuchinaga/kabus-grpc-server/server/server.go:45.128,47.16 2 3
gitlab.com/tsuchinaga/kabus-grpc-server/server/server.go:51.2,52.16 2 2
gitlab.com/tsuchinaga/kabus-grpc-server/server/server.go:56.2,57.17 2 1
gitlab.com/tsuchinaga/kabus-grpc-server/server/server.go:47.16,49.3 1 1
gitlab.com/tsuchinaga/kabus-grpc-server/server/server.go:52.16,54.3 1 1
gitlab.com/tsuchinaga/kabus-grpc-server/server/server.go:60.132,62.16 2 3
gitlab.com/tsuchinaga/kabus-grpc-server/server/server.go:66.2,67.16 2 2
gitlab.com/tsuchinaga/kabus-grpc-server/server/server.go:71.2,72.17 2 1
gitlab.com/tsuchinaga/kabus-grpc-server/server/server.go:62.16,64.3 1 1
gitlab.com/tsuchinaga/kabus-grpc-server/server/server.go:67.16,69.3 1 1
gitlab.com/tsuchinaga/kabus-grpc-server/server/server.go:75.138,77.16 2 3
gitlab.com/tsuchinaga/kabus-grpc-server/server/server.go:81.2,82.16 2 2
gitlab.com/tsuchinaga/kabus-grpc-server/server/server.go:86.2,87.17 2 1
gitlab.com/tsuchinaga/kabus-grpc-server/server/server.go:77.16,79.3 1 1
gitlab.com/tsuchinaga/kabus-grpc-server/server/server.go:82.16,84.3 1 1
gitlab.com/tsuchinaga/kabus-grpc-server/infra/clock.go:9.36,11.2 1 2
gitlab.com/tsuchinaga/kabus-grpc-server/infra/clock.go:15.33,17.2 1 1
gitlab.com/tsuchinaga/kabus-grpc-server/infra/setting.go:14.48,19.2 3 0
gitlab.com/tsuchinaga/kabus-grpc-server/infra/setting.go:21.40,26.2 3 0
gitlab.com/tsuchinaga/kabus-grpc-server/infra/setting.go:33.39,35.2 1 2
gitlab.com/tsuchinaga/kabus-grpc-server/infra/setting.go:37.37,39.2 1 2
gitlab.com/tsuchinaga/kabus-grpc-server/server/services/token.go:14.45,16.2 1 1
gitlab.com/tsuchinaga/kabus-grpc-server/server/services/token.go:29.63,31.33 2 4
gitlab.com/tsuchinaga/kabus-grpc-server/server/services/token.go:43.2,43.37 1 3
gitlab.com/tsuchinaga/kabus-grpc-server/server/services/token.go:31.33,33.17 2 3
gitlab.com/tsuchinaga/kabus-grpc-server/server/services/token.go:36.3,37.25 2 2
gitlab.com/tsuchinaga/kabus-grpc-server/server/services/token.go:40.3,40.39 1 2
gitlab.com/tsuchinaga/kabus-grpc-server/server/services/token.go:33.17,35.4 1 1
gitlab.com/tsuchinaga/kabus-grpc-server/server/services/token.go:37.25,39.4 1 1
gitlab.com/tsuchinaga/kabus-grpc-server/server/services/register_symbol.go:8.107,10.2 1 1
gitlab.com/tsuchinaga/kabus-grpc-server/server/services/register_symbol.go:21.58,23.2 1 2
gitlab.com/tsuchinaga/kabus-grpc-server/server/services/register_symbol.go:25.75,27.2 1 2
gitlab.com/tsuchinaga/kabus-grpc-server/infra/stores/register_symbol.go:16.64,20.36 3 1
gitlab.com/tsuchinaga/kabus-grpc-server/infra/stores/register_symbol.go:24.2,24.32 1 1
gitlab.com/tsuchinaga/kabus-grpc-server/infra/stores/register_symbol.go:20.36,22.3 1 1
gitlab.com/tsuchinaga/kabus-grpc-server/infra/stores/register_symbol.go:32.61,36.2 3 2
gitlab.com/tsuchinaga/kabus-grpc-server/infra/stores/register_symbol.go:38.75,42.2 3 2
gitlab.com/tsuchinaga/kabus-grpc-server/infra/stores/token.go:15.46,19.27 3 1
gitlab.com/tsuchinaga/kabus-grpc-server/infra/stores/token.go:23.2,23.23 1 1
gitlab.com/tsuchinaga/kabus-grpc-server/infra/stores/token.go:19.27,21.3 1 1
gitlab.com/tsuchinaga/kabus-grpc-server/infra/stores/token.go:32.35,36.2 3 2
gitlab.com/tsuchinaga/kabus-grpc-server/infra/stores/token.go:38.58,43.2 4 2
gitlab.com/tsuchinaga/kabus-grpc-server/infra/stores/token.go:45.47,49.2 3 4
gitlab.com/tsuchinaga/kabus-grpc-server/infra/stores/token.go:51.25,56.2 4 2
gitlab.com/tsuchinaga/kabus-grpc-server/infra/security/converter.go:11.59,12.18 1 13
gitlab.com/tsuchinaga/kabus-grpc-server/infra/security/converter.go:13.41,14.31 1 5
gitlab.com/tsuchinaga/kabus-grpc-server/infra/security/converter.go:15.41,16.31 1 1
gitlab.com/tsuchinaga/kabus-grpc-server/infra/security/converter.go:17.42,18.32 1 1
gitlab.com/tsuchinaga/kabus-grpc-server/infra/security/converter.go:19.43,20.33 1 1
gitlab.com/tsuchinaga/kabus-grpc-server/infra/security/converter.go:21.45,22.27 1 1
gitlab.com/tsuchinaga/kabus-grpc-server/infra/security/converter.go:23.45,24.31 1 1
gitlab.com/tsuchinaga/kabus-grpc-server/infra/security/converter.go:25.47,26.31 1 1
gitlab.com/tsuchinaga/kabus-grpc-server/infra/security/converter.go:27.10,28.35 1 2
gitlab.com/tsuchinaga/kabus-grpc-server/infra/security/converter.go:32.61,33.18 1 11
gitlab.com/tsuchinaga/kabus-grpc-server/infra/security/converter.go:34.29,35.43 1 3
gitlab.com/tsuchinaga/kabus-grpc-server/infra/security/converter.go:36.29,37.43 1 1
gitlab.com/tsuchinaga/kabus-grpc-server/infra/security/converter.go:38.30,39.44 1 1
gitlab.com/tsuchinaga/kabus-grpc-server/infra/security/converter.go:40.31,41.45 1 1
gitlab.com/tsuchinaga/kabus-grpc-server/infra/security/converter.go:42.25,43.47 1 1
gitlab.com/tsuchinaga/kabus-grpc-server/infra/security/converter.go:44.29,45.47 1 1
gitlab.com/tsuchinaga/kabus-grpc-server/infra/security/converter.go:46.29,47.49 1 1
gitlab.com/tsuchinaga/kabus-grpc-server/infra/security/converter.go:48.10,49.47 1 2
gitlab.com/tsuchinaga/kabus-grpc-server/infra/security/converter.go:53.67,54.20 1 14
gitlab.com/tsuchinaga/kabus-grpc-server/infra/security/converter.go:76.2,76.36 1 2
gitlab.com/tsuchinaga/kabus-grpc-server/infra/security/converter.go:55.44,56.31 1 3
gitlab.com/tsuchinaga/kabus-grpc-server/infra/security/converter.go:57.49,58.35 1 1
gitlab.com/tsuchinaga/kabus-grpc-server/infra/security/converter.go:59.44,60.31 1 1
gitlab.com/tsuchinaga/kabus-grpc-server/infra/security/converter.go:61.49,62.35 1 1
gitlab.com/tsuchinaga/kabus-grpc-server/infra/security/converter.go:63.46,64.33 1 1
gitlab.com/tsuchinaga/kabus-grpc-server/infra/security/converter.go:65.45,66.32 1 1
gitlab.com/tsuchinaga/kabus-grpc-server/infra/security/converter.go:67.42,68.29 1 1
gitlab.com/tsuchinaga/kabus-grpc-server/infra/security/converter.go:69.41,70.28 1 1
gitlab.com/tsuchinaga/kabus-grpc-server/infra/security/converter.go:71.45,72.32 1 1
gitlab.com/tsuchinaga/kabus-grpc-server/infra/security/converter.go:73.43,74.30 1 1
gitlab.com/tsuchinaga/kabus-grpc-server/infra/security/converter.go:79.60,81.16 2 6
gitlab.com/tsuchinaga/kabus-grpc-server/infra/security/converter.go:84.2,84.26 1 5
gitlab.com/tsuchinaga/kabus-grpc-server/infra/security/converter.go:81.16,83.3 1 1
gitlab.com/tsuchinaga/kabus-grpc-server/infra/security/converter.go:87.59,88.17 1 6
gitlab.com/tsuchinaga/kabus-grpc-server/infra/security/converter.go:94.2,94.35 1 2
gitlab.com/tsuchinaga/kabus-grpc-server/infra/security/converter.go:89.37,90.29 1 1
gitlab.com/tsuchinaga/kabus-grpc-server/infra/security/converter.go:91.36,92.28 1 3
gitlab.com/tsuchinaga/kabus-grpc-server/infra/security/security.go:12.69,14.2 1 1
gitlab.com/tsuchinaga/kabus-grpc-server/infra/security/security.go:20.150,25.16 2 2
gitlab.com/tsuchinaga/kabus-grpc-server/infra/security/security.go:28.2,28.77 1 1
gitlab.com/tsuchinaga/kabus-grpc-server/infra/security/security.go:25.16,27.3 1 1
gitlab.com/tsuchinaga/kabus-grpc-server/infra/security/security.go:31.150,37.16 2 2
gitlab.com/tsuchinaga/kabus-grpc-server/infra/security/security.go:40.2,40.77 1 1
gitlab.com/tsuchinaga/kabus-grpc-server/infra/security/security.go:37.16,39.3 1 1
gitlab.com/tsuchinaga/kabus-grpc-server/infra/security/security.go:43.80,45.16 2 2
gitlab.com/tsuchinaga/kabus-grpc-server/infra/security/security.go:48.2,48.25 1 1
gitlab.com/tsuchinaga/kabus-grpc-server/infra/security/security.go:45.16,47.3 1 1
gitlab.com/tsuchinaga/kabus-grpc-server/infra/security/security.go:51.144,53.37 2 2
gitlab.com/tsuchinaga/kabus-grpc-server/infra/security/security.go:56.2,57.16 2 2
gitlab.com/tsuchinaga/kabus-grpc-server/infra/security/security.go:61.2,62.42 2 1
gitlab.com/tsuchinaga/kabus-grpc-server/infra/security/security.go:65.2,65.61 1 1
gitlab.com/tsuchinaga/kabus-grpc-server/infra/security/security.go:53.37,55.3 1 2
gitlab.com/tsuchinaga/kabus-grpc-server/infra/security/security.go:57.16,59.3 1 1
gitlab.com/tsuchinaga/kabus-grpc-server/infra/security/security.go:62.42,64.3 1 1
gitlab.com/tsuchinaga/kabus-grpc-server/infra/security/security.go:68.148,70.37 2 2
gitlab.com/tsuchinaga/kabus-grpc-server/infra/security/security.go:73.2,74.16 2 2
gitlab.com/tsuchinaga/kabus-grpc-server/infra/security/security.go:78.2,79.42 2 1
gitlab.com/tsuchinaga/kabus-grpc-server/infra/security/security.go:82.2,82.61 1 1
gitlab.com/tsuchinaga/kabus-grpc-server/infra/security/security.go:70.37,72.3 1 2
gitlab.com/tsuchinaga/kabus-grpc-server/infra/security/security.go:74.16,76.3 1 1
gitlab.com/tsuchinaga/kabus-grpc-server/infra/security/security.go:79.42,81.3 1 1
gitlab.com/tsuchinaga/kabus-grpc-server/infra/security/security.go:85.145,87.16 2 2
gitlab.com/tsuchinaga/kabus-grpc-server/infra/security/security.go:91.2,92.40 2 1
gitlab.com/tsuchinaga/kabus-grpc-server/infra/security/security.go:95.2,95.61 1 1
gitlab.com/tsuchinaga/kabus-grpc-server/infra/security/security.go:87.16,89.3 1 1
gitlab.com/tsuchinaga/kabus-grpc-server/infra/security/security.go:92.40,94.3 1 0
