mode: atomic
gitlab.com/tsuchinaga/kabus-grpc-server/infra/clock.go:9.36,11.2 1 2
gitlab.com/tsuchinaga/kabus-grpc-server/infra/clock.go:15.33,17.2 1 1
gitlab.com/tsuchinaga/kabus-grpc-server/infra/setting.go:14.48,19.2 3 0
gitlab.com/tsuchinaga/kabus-grpc-server/infra/setting.go:21.40,26.2 3 0
gitlab.com/tsuchinaga/kabus-grpc-server/infra/setting.go:33.39,35.2 1 2
gitlab.com/tsuchinaga/kabus-grpc-server/infra/setting.go:37.37,39.2 1 2
gitlab.com/tsuchinaga/kabus-grpc-server/infra/stores/register_symbol.go:16.64,20.36 3 1
gitlab.com/tsuchinaga/kabus-grpc-server/infra/stores/register_symbol.go:24.2,24.32 1 1
gitlab.com/tsuchinaga/kabus-grpc-server/infra/stores/register_symbol.go:20.36,22.3 1 1
gitlab.com/tsuchinaga/kabus-grpc-server/infra/stores/register_symbol.go:32.61,36.2 3 2
gitlab.com/tsuchinaga/kabus-grpc-server/infra/stores/register_symbol.go:38.75,42.2 3 2
gitlab.com/tsuchinaga/kabus-grpc-server/infra/stores/token.go:15.46,19.27 3 1
gitlab.com/tsuchinaga/kabus-grpc-server/infra/stores/token.go:23.2,23.23 1 1
gitlab.com/tsuchinaga/kabus-grpc-server/infra/stores/token.go:19.27,21.3 1 1
gitlab.com/tsuchinaga/kabus-grpc-server/infra/stores/token.go:32.35,36.2 3 2
gitlab.com/tsuchinaga/kabus-grpc-server/infra/stores/token.go:38.42,42.2 3 2
gitlab.com/tsuchinaga/kabus-grpc-server/infra/stores/token.go:44.58,49.2 4 2
gitlab.com/tsuchinaga/kabus-grpc-server/infra/stores/token.go:51.47,55.2 3 4
gitlab.com/tsuchinaga/kabus-grpc-server/infra/stores/token.go:57.25,62.2 4 2
gitlab.com/tsuchinaga/kabus-grpc-server/server/server.go:14.165,16.2 1 1
gitlab.com/tsuchinaga/kabus-grpc-server/server/server.go:25.94,27.16 2 2
gitlab.com/tsuchinaga/kabus-grpc-server/server/server.go:30.2,30.101 1 1
gitlab.com/tsuchinaga/kabus-grpc-server/server/server.go:27.16,29.3 1 1
gitlab.com/tsuchinaga/kabus-grpc-server/server/server.go:33.102,35.16 2 2
gitlab.com/tsuchinaga/kabus-grpc-server/server/server.go:38.2,38.101 1 1
gitlab.com/tsuchinaga/kabus-grpc-server/server/server.go:35.16,37.3 1 1
gitlab.com/tsuchinaga/kabus-grpc-server/server/server.go:41.102,43.16 2 3
gitlab.com/tsuchinaga/kabus-grpc-server/server/server.go:47.2,47.42 1 2
gitlab.com/tsuchinaga/kabus-grpc-server/server/server.go:43.16,45.3 1 1
gitlab.com/tsuchinaga/kabus-grpc-server/server/server.go:50.105,52.16 2 3
gitlab.com/tsuchinaga/kabus-grpc-server/server/server.go:56.2,56.43 1 2
gitlab.com/tsuchinaga/kabus-grpc-server/server/server.go:52.16,54.3 1 1
gitlab.com/tsuchinaga/kabus-grpc-server/server/server.go:59.141,61.16 2 3
gitlab.com/tsuchinaga/kabus-grpc-server/server/server.go:65.2,65.53 1 2
gitlab.com/tsuchinaga/kabus-grpc-server/server/server.go:61.16,63.3 1 1
gitlab.com/tsuchinaga/kabus-grpc-server/server/server.go:68.141,70.16 2 3
gitlab.com/tsuchinaga/kabus-grpc-server/server/server.go:74.2,74.53 1 2
gitlab.com/tsuchinaga/kabus-grpc-server/server/server.go:70.16,72.3 1 1
gitlab.com/tsuchinaga/kabus-grpc-server/server/server.go:77.130,79.2 1 1
gitlab.com/tsuchinaga/kabus-grpc-server/server/server.go:81.128,83.16 2 3
gitlab.com/tsuchinaga/kabus-grpc-server/server/server.go:87.2,88.16 2 2
gitlab.com/tsuchinaga/kabus-grpc-server/server/server.go:92.2,93.17 2 1
gitlab.com/tsuchinaga/kabus-grpc-server/server/server.go:83.16,85.3 1 1
gitlab.com/tsuchinaga/kabus-grpc-server/server/server.go:88.16,90.3 1 1
gitlab.com/tsuchinaga/kabus-grpc-server/server/server.go:96.132,98.16 2 3
gitlab.com/tsuchinaga/kabus-grpc-server/server/server.go:102.2,103.16 2 2
gitlab.com/tsuchinaga/kabus-grpc-server/server/server.go:107.2,108.17 2 1
gitlab.com/tsuchinaga/kabus-grpc-server/server/server.go:98.16,100.3 1 1
gitlab.com/tsuchinaga/kabus-grpc-server/server/server.go:103.16,105.3 1 1
gitlab.com/tsuchinaga/kabus-grpc-server/server/server.go:111.138,113.16 2 3
gitlab.com/tsuchinaga/kabus-grpc-server/server/server.go:117.2,118.16 2 2
gitlab.com/tsuchinaga/kabus-grpc-server/server/server.go:122.2,123.17 2 1
gitlab.com/tsuchinaga/kabus-grpc-server/server/server.go:113.16,115.3 1 1
gitlab.com/tsuchinaga/kabus-grpc-server/server/server.go:118.16,120.3 1 1
gitlab.com/tsuchinaga/kabus-grpc-server/server/server.go:126.105,128.16 2 3
gitlab.com/tsuchinaga/kabus-grpc-server/server/server.go:132.2,132.43 1 2
gitlab.com/tsuchinaga/kabus-grpc-server/server/server.go:128.16,130.3 1 1
gitlab.com/tsuchinaga/kabus-grpc-server/server/services/register_symbol.go:8.107,10.2 1 1
gitlab.com/tsuchinaga/kabus-grpc-server/server/services/register_symbol.go:21.58,23.2 1 2
gitlab.com/tsuchinaga/kabus-grpc-server/server/services/register_symbol.go:25.75,27.2 1 2
gitlab.com/tsuchinaga/kabus-grpc-server/server/services/token.go:14.45,16.2 1 1
gitlab.com/tsuchinaga/kabus-grpc-server/server/services/token.go:31.63,33.33 2 5
gitlab.com/tsuchinaga/kabus-grpc-server/server/services/token.go:45.2,45.37 1 4
gitlab.com/tsuchinaga/kabus-grpc-server/server/services/token.go:33.33,35.17 2 3
gitlab.com/tsuchinaga/kabus-grpc-server/server/services/token.go:38.3,39.25 2 2
gitlab.com/tsuchinaga/kabus-grpc-server/server/services/token.go:42.3,42.39 1 2
gitlab.com/tsuchinaga/kabus-grpc-server/server/services/token.go:35.17,37.4 1 1
gitlab.com/tsuchinaga/kabus-grpc-server/server/services/token.go:39.25,41.4 1 1
gitlab.com/tsuchinaga/kabus-grpc-server/server/services/token.go:48.42,50.2 1 1
gitlab.com/tsuchinaga/kabus-grpc-server/server/services/token.go:52.62,55.2 2 1
gitlab.com/tsuchinaga/kabus-grpc-server/infra/security/converter.go:11.59,12.18 1 17
gitlab.com/tsuchinaga/kabus-grpc-server/infra/security/converter.go:13.41,14.31 1 9
gitlab.com/tsuchinaga/kabus-grpc-server/infra/security/converter.go:15.41,16.31 1 1
gitlab.com/tsuchinaga/kabus-grpc-server/infra/security/converter.go:17.42,18.32 1 1
gitlab.com/tsuchinaga/kabus-grpc-server/infra/security/converter.go:19.43,20.33 1 1
gitlab.com/tsuchinaga/kabus-grpc-server/infra/security/converter.go:21.45,22.27 1 1
gitlab.com/tsuchinaga/kabus-grpc-server/infra/security/converter.go:23.45,24.31 1 1
gitlab.com/tsuchinaga/kabus-grpc-server/infra/security/converter.go:25.47,26.31 1 1
gitlab.com/tsuchinaga/kabus-grpc-server/infra/security/converter.go:27.10,28.35 1 2
gitlab.com/tsuchinaga/kabus-grpc-server/infra/security/converter.go:32.61,33.18 1 13
gitlab.com/tsuchinaga/kabus-grpc-server/infra/security/converter.go:34.29,35.43 1 5
gitlab.com/tsuchinaga/kabus-grpc-server/infra/security/converter.go:36.29,37.43 1 1
gitlab.com/tsuchinaga/kabus-grpc-server/infra/security/converter.go:38.30,39.44 1 1
gitlab.com/tsuchinaga/kabus-grpc-server/infra/security/converter.go:40.31,41.45 1 1
gitlab.com/tsuchinaga/kabus-grpc-server/infra/security/converter.go:42.25,43.47 1 1
gitlab.com/tsuchinaga/kabus-grpc-server/infra/security/converter.go:44.29,45.47 1 1
gitlab.com/tsuchinaga/kabus-grpc-server/infra/security/converter.go:46.29,47.49 1 1
gitlab.com/tsuchinaga/kabus-grpc-server/infra/security/converter.go:48.10,49.47 1 2
gitlab.com/tsuchinaga/kabus-grpc-server/infra/security/converter.go:53.67,54.20 1 14
gitlab.com/tsuchinaga/kabus-grpc-server/infra/security/converter.go:76.2,76.36 1 2
gitlab.com/tsuchinaga/kabus-grpc-server/infra/security/converter.go:55.44,56.31 1 3
gitlab.com/tsuchinaga/kabus-grpc-server/infra/security/converter.go:57.49,58.35 1 1
gitlab.com/tsuchinaga/kabus-grpc-server/infra/security/converter.go:59.44,60.31 1 1
gitlab.com/tsuchinaga/kabus-grpc-server/infra/security/converter.go:61.49,62.35 1 1
gitlab.com/tsuchinaga/kabus-grpc-server/infra/security/converter.go:63.46,64.33 1 1
gitlab.com/tsuchinaga/kabus-grpc-server/infra/security/converter.go:65.45,66.32 1 1
gitlab.com/tsuchinaga/kabus-grpc-server/infra/security/converter.go:67.42,68.29 1 1
gitlab.com/tsuchinaga/kabus-grpc-server/infra/security/converter.go:69.41,70.28 1 1
gitlab.com/tsuchinaga/kabus-grpc-server/infra/security/converter.go:71.45,72.32 1 1
gitlab.com/tsuchinaga/kabus-grpc-server/infra/security/converter.go:73.43,74.30 1 1
gitlab.com/tsuchinaga/kabus-grpc-server/infra/security/converter.go:79.60,81.16 2 6
gitlab.com/tsuchinaga/kabus-grpc-server/infra/security/converter.go:84.2,84.26 1 5
gitlab.com/tsuchinaga/kabus-grpc-server/infra/security/converter.go:81.16,83.3 1 1
gitlab.com/tsuchinaga/kabus-grpc-server/infra/security/converter.go:87.59,88.17 1 6
gitlab.com/tsuchinaga/kabus-grpc-server/infra/security/converter.go:94.2,94.35 1 2
gitlab.com/tsuchinaga/kabus-grpc-server/infra/security/converter.go:89.37,90.29 1 1
gitlab.com/tsuchinaga/kabus-grpc-server/infra/security/converter.go:91.36,92.28 1 3
gitlab.com/tsuchinaga/kabus-grpc-server/infra/security/converter.go:97.81,98.16 1 18
gitlab.com/tsuchinaga/kabus-grpc-server/infra/security/converter.go:130.2,130.11 1 2
gitlab.com/tsuchinaga/kabus-grpc-server/infra/security/converter.go:99.46,100.16 1 1
gitlab.com/tsuchinaga/kabus-grpc-server/infra/security/converter.go:101.46,102.16 1 1
gitlab.com/tsuchinaga/kabus-grpc-server/infra/security/converter.go:103.40,104.16 1 1
gitlab.com/tsuchinaga/kabus-grpc-server/infra/security/converter.go:105.42,106.16 1 2
gitlab.com/tsuchinaga/kabus-grpc-server/infra/security/converter.go:107.57,108.16 1 1
gitlab.com/tsuchinaga/kabus-grpc-server/infra/security/converter.go:109.57,110.16 1 1
gitlab.com/tsuchinaga/kabus-grpc-server/infra/security/converter.go:111.43,112.16 1 1
gitlab.com/tsuchinaga/kabus-grpc-server/infra/security/converter.go:113.48,114.16 1 1
gitlab.com/tsuchinaga/kabus-grpc-server/infra/security/converter.go:115.47,116.16 1 1
gitlab.com/tsuchinaga/kabus-grpc-server/infra/security/converter.go:117.51,118.16 1 1
gitlab.com/tsuchinaga/kabus-grpc-server/infra/security/converter.go:119.55,120.16 1 1
gitlab.com/tsuchinaga/kabus-grpc-server/infra/security/converter.go:121.54,122.16 1 1
gitlab.com/tsuchinaga/kabus-grpc-server/infra/security/converter.go:123.47,124.16 1 1
gitlab.com/tsuchinaga/kabus-grpc-server/infra/security/converter.go:125.51,126.16 1 1
gitlab.com/tsuchinaga/kabus-grpc-server/infra/security/converter.go:127.58,128.16 1 1
gitlab.com/tsuchinaga/kabus-grpc-server/infra/security/converter.go:133.68,134.16 1 26
gitlab.com/tsuchinaga/kabus-grpc-server/infra/security/converter.go:182.2,182.10 1 2
gitlab.com/tsuchinaga/kabus-grpc-server/infra/security/converter.go:135.44,136.11 1 2
gitlab.com/tsuchinaga/kabus-grpc-server/infra/security/converter.go:137.49,138.11 1 1
gitlab.com/tsuchinaga/kabus-grpc-server/infra/security/converter.go:139.39,140.11 1 1
gitlab.com/tsuchinaga/kabus-grpc-server/infra/security/converter.go:141.43,142.11 1 1
gitlab.com/tsuchinaga/kabus-grpc-server/infra/security/converter.go:143.37,144.11 1 1
gitlab.com/tsuchinaga/kabus-grpc-server/infra/security/converter.go:145.43,146.11 1 1
gitlab.com/tsuchinaga/kabus-grpc-server/infra/security/converter.go:147.39,148.11 1 1
gitlab.com/tsuchinaga/kabus-grpc-server/infra/security/converter.go:149.42,150.11 1 1
gitlab.com/tsuchinaga/kabus-grpc-server/infra/security/converter.go:151.42,152.11 1 1
gitlab.com/tsuchinaga/kabus-grpc-server/infra/security/converter.go:153.42,154.12 1 1
gitlab.com/tsuchinaga/kabus-grpc-server/infra/security/converter.go:155.41,156.12 1 1
gitlab.com/tsuchinaga/kabus-grpc-server/infra/security/converter.go:157.46,158.12 1 1
gitlab.com/tsuchinaga/kabus-grpc-server/infra/security/converter.go:159.43,160.12 1 1
gitlab.com/tsuchinaga/kabus-grpc-server/infra/security/converter.go:161.51,162.12 1 1
gitlab.com/tsuchinaga/kabus-grpc-server/infra/security/converter.go:163.44,164.12 1 1
gitlab.com/tsuchinaga/kabus-grpc-server/infra/security/converter.go:165.45,166.12 1 1
gitlab.com/tsuchinaga/kabus-grpc-server/infra/security/converter.go:167.50,168.12 1 1
gitlab.com/tsuchinaga/kabus-grpc-server/infra/security/converter.go:169.41,170.12 1 1
gitlab.com/tsuchinaga/kabus-grpc-server/infra/security/converter.go:171.48,172.12 1 1
gitlab.com/tsuchinaga/kabus-grpc-server/infra/security/converter.go:173.46,174.12 1 1
gitlab.com/tsuchinaga/kabus-grpc-server/infra/security/converter.go:175.53,176.12 1 1
gitlab.com/tsuchinaga/kabus-grpc-server/infra/security/converter.go:177.58,178.12 1 1
gitlab.com/tsuchinaga/kabus-grpc-server/infra/security/converter.go:179.51,180.12 1 1
gitlab.com/tsuchinaga/kabus-grpc-server/infra/security/converter.go:185.51,186.14 1 19
gitlab.com/tsuchinaga/kabus-grpc-server/infra/security/converter.go:212.2,212.11 1 2
gitlab.com/tsuchinaga/kabus-grpc-server/infra/security/converter.go:187.32,188.16 1 2
gitlab.com/tsuchinaga/kabus-grpc-server/infra/security/converter.go:189.31,190.16 1 5
gitlab.com/tsuchinaga/kabus-grpc-server/infra/security/converter.go:191.31,192.16 1 1
gitlab.com/tsuchinaga/kabus-grpc-server/infra/security/converter.go:193.33,194.16 1 1
gitlab.com/tsuchinaga/kabus-grpc-server/infra/security/converter.go:195.34,196.16 1 1
gitlab.com/tsuchinaga/kabus-grpc-server/infra/security/converter.go:197.41,198.16 1 1
gitlab.com/tsuchinaga/kabus-grpc-server/infra/security/converter.go:199.34,200.16 1 1
gitlab.com/tsuchinaga/kabus-grpc-server/infra/security/converter.go:201.46,202.16 1 1
gitlab.com/tsuchinaga/kabus-grpc-server/infra/security/converter.go:203.43,204.16 1 1
gitlab.com/tsuchinaga/kabus-grpc-server/infra/security/converter.go:205.34,206.16 1 1
gitlab.com/tsuchinaga/kabus-grpc-server/infra/security/converter.go:207.44,208.16 1 1
gitlab.com/tsuchinaga/kabus-grpc-server/infra/security/converter.go:209.30,210.16 1 1
gitlab.com/tsuchinaga/kabus-grpc-server/infra/security/converter.go:215.82,222.2 1 3
gitlab.com/tsuchinaga/kabus-grpc-server/infra/security/converter.go:224.62,229.2 1 19
gitlab.com/tsuchinaga/kabus-grpc-server/infra/security/converter.go:231.69,232.19 1 5
gitlab.com/tsuchinaga/kabus-grpc-server/infra/security/converter.go:238.2,238.45 1 2
gitlab.com/tsuchinaga/kabus-grpc-server/infra/security/converter.go:233.30,234.39 1 2
gitlab.com/tsuchinaga/kabus-grpc-server/infra/security/converter.go:235.29,236.38 1 1
gitlab.com/tsuchinaga/kabus-grpc-server/infra/security/converter.go:241.54,242.19 1 12
gitlab.com/tsuchinaga/kabus-grpc-server/infra/security/converter.go:262.2,262.11 1 2
gitlab.com/tsuchinaga/kabus-grpc-server/infra/security/converter.go:243.28,244.17 1 2
gitlab.com/tsuchinaga/kabus-grpc-server/infra/security/converter.go:245.28,246.17 1 1
gitlab.com/tsuchinaga/kabus-grpc-server/infra/security/converter.go:247.30,248.19 1 1
gitlab.com/tsuchinaga/kabus-grpc-server/infra/security/converter.go:249.29,250.18 1 1
gitlab.com/tsuchinaga/kabus-grpc-server/infra/security/converter.go:251.28,252.17 1 1
gitlab.com/tsuchinaga/kabus-grpc-server/infra/security/converter.go:253.27,254.16 1 1
gitlab.com/tsuchinaga/kabus-grpc-server/infra/security/converter.go:255.27,256.16 1 1
gitlab.com/tsuchinaga/kabus-grpc-server/infra/security/converter.go:257.35,258.24 1 1
gitlab.com/tsuchinaga/kabus-grpc-server/infra/security/converter.go:259.34,260.23 1 1
gitlab.com/tsuchinaga/kabus-grpc-server/infra/security/converter.go:265.72,266.25 1 16
gitlab.com/tsuchinaga/kabus-grpc-server/infra/security/converter.go:294.2,294.11 1 2
gitlab.com/tsuchinaga/kabus-grpc-server/infra/security/converter.go:267.34,268.17 1 1
gitlab.com/tsuchinaga/kabus-grpc-server/infra/security/converter.go:269.34,270.17 1 2
gitlab.com/tsuchinaga/kabus-grpc-server/infra/security/converter.go:271.34,272.17 1 1
gitlab.com/tsuchinaga/kabus-grpc-server/infra/security/converter.go:273.34,274.17 1 1
gitlab.com/tsuchinaga/kabus-grpc-server/infra/security/converter.go:275.34,276.17 1 1
gitlab.com/tsuchinaga/kabus-grpc-server/infra/security/converter.go:277.34,278.17 1 1
gitlab.com/tsuchinaga/kabus-grpc-server/infra/security/converter.go:279.34,280.17 1 1
gitlab.com/tsuchinaga/kabus-grpc-server/infra/security/converter.go:281.34,282.17 1 1
gitlab.com/tsuchinaga/kabus-grpc-server/infra/security/converter.go:283.34,284.17 1 1
gitlab.com/tsuchinaga/kabus-grpc-server/infra/security/converter.go:285.34,286.17 1 1
gitlab.com/tsuchinaga/kabus-grpc-server/infra/security/converter.go:287.34,288.17 1 1
gitlab.com/tsuchinaga/kabus-grpc-server/infra/security/converter.go:289.34,290.17 1 1
gitlab.com/tsuchinaga/kabus-grpc-server/infra/security/converter.go:291.34,292.17 1 1
gitlab.com/tsuchinaga/kabus-grpc-server/infra/security/converter.go:297.63,298.16 1 9
gitlab.com/tsuchinaga/kabus-grpc-server/infra/security/converter.go:310.2,310.36 1 4
gitlab.com/tsuchinaga/kabus-grpc-server/infra/security/converter.go:299.43,300.30 1 1
gitlab.com/tsuchinaga/kabus-grpc-server/infra/security/converter.go:301.49,302.36 1 1
gitlab.com/tsuchinaga/kabus-grpc-server/infra/security/converter.go:303.48,304.35 1 1
gitlab.com/tsuchinaga/kabus-grpc-server/infra/security/converter.go:305.48,306.34 1 1
gitlab.com/tsuchinaga/kabus-grpc-server/infra/security/converter.go:307.43,308.30 1 1
gitlab.com/tsuchinaga/kabus-grpc-server/infra/security/converter.go:313.43,314.14 1 6
gitlab.com/tsuchinaga/kabus-grpc-server/infra/security/converter.go:320.2,320.30 1 4
gitlab.com/tsuchinaga/kabus-grpc-server/infra/security/converter.go:315.29,316.23 1 1
gitlab.com/tsuchinaga/kabus-grpc-server/infra/security/converter.go:317.30,318.24 1 1
gitlab.com/tsuchinaga/kabus-grpc-server/infra/security/converter.go:323.63,325.32 2 4
gitlab.com/tsuchinaga/kabus-grpc-server/infra/security/converter.go:349.2,349.12 1 4
gitlab.com/tsuchinaga/kabus-grpc-server/infra/security/converter.go:325.32,348.3 1 4
gitlab.com/tsuchinaga/kabus-grpc-server/infra/security/converter.go:352.75,354.33 2 7
gitlab.com/tsuchinaga/kabus-grpc-server/infra/security/converter.go:372.2,372.12 1 7
gitlab.com/tsuchinaga/kabus-grpc-server/infra/security/converter.go:354.33,371.3 1 4
gitlab.com/tsuchinaga/kabus-grpc-server/infra/security/converter.go:375.49,376.15 1 11
gitlab.com/tsuchinaga/kabus-grpc-server/infra/security/converter.go:388.2,388.40 1 2
gitlab.com/tsuchinaga/kabus-grpc-server/infra/security/converter.go:377.23,378.34 1 1
gitlab.com/tsuchinaga/kabus-grpc-server/infra/security/converter.go:379.29,380.40 1 1
gitlab.com/tsuchinaga/kabus-grpc-server/infra/security/converter.go:381.28,382.39 1 1
gitlab.com/tsuchinaga/kabus-grpc-server/infra/security/converter.go:383.27,384.39 1 1
gitlab.com/tsuchinaga/kabus-grpc-server/infra/security/converter.go:385.23,386.34 1 5
gitlab.com/tsuchinaga/kabus-grpc-server/infra/security/converter.go:391.69,392.20 1 11
gitlab.com/tsuchinaga/kabus-grpc-server/infra/security/converter.go:404.2,404.51 1 2
gitlab.com/tsuchinaga/kabus-grpc-server/infra/security/converter.go:393.28,394.45 1 1
gitlab.com/tsuchinaga/kabus-grpc-server/infra/security/converter.go:395.34,396.51 1 1
gitlab.com/tsuchinaga/kabus-grpc-server/infra/security/converter.go:397.33,398.50 1 1
gitlab.com/tsuchinaga/kabus-grpc-server/infra/security/converter.go:399.32,400.50 1 1
gitlab.com/tsuchinaga/kabus-grpc-server/infra/security/converter.go:401.28,402.45 1 5
gitlab.com/tsuchinaga/kabus-grpc-server/infra/security/converter.go:407.59,408.17 1 16
gitlab.com/tsuchinaga/kabus-grpc-server/infra/security/converter.go:422.2,422.49 1 3
gitlab.com/tsuchinaga/kabus-grpc-server/infra/security/converter.go:409.30,410.45 1 8
gitlab.com/tsuchinaga/kabus-grpc-server/infra/security/converter.go:411.25,412.43 1 1
gitlab.com/tsuchinaga/kabus-grpc-server/infra/security/converter.go:413.26,414.44 1 1
gitlab.com/tsuchinaga/kabus-grpc-server/infra/security/converter.go:415.33,416.45 1 1
gitlab.com/tsuchinaga/kabus-grpc-server/infra/security/converter.go:417.34,418.43 1 1
gitlab.com/tsuchinaga/kabus-grpc-server/infra/security/converter.go:419.30,420.42 1 1
gitlab.com/tsuchinaga/kabus-grpc-server/infra/security/converter.go:425.76,426.18 1 14
gitlab.com/tsuchinaga/kabus-grpc-server/infra/security/converter.go:444.2,444.57 1 2
gitlab.com/tsuchinaga/kabus-grpc-server/infra/security/converter.go:427.34,428.54 1 4
gitlab.com/tsuchinaga/kabus-grpc-server/infra/security/converter.go:429.34,430.54 1 1
gitlab.com/tsuchinaga/kabus-grpc-server/infra/security/converter.go:431.35,432.55 1 1
gitlab.com/tsuchinaga/kabus-grpc-server/infra/security/converter.go:433.36,434.56 1 1
gitlab.com/tsuchinaga/kabus-grpc-server/infra/security/converter.go:435.30,436.50 1 2
gitlab.com/tsuchinaga/kabus-grpc-server/infra/security/converter.go:437.30,438.58 1 1
gitlab.com/tsuchinaga/kabus-grpc-server/infra/security/converter.go:439.34,440.58 1 1
gitlab.com/tsuchinaga/kabus-grpc-server/infra/security/converter.go:441.34,442.60 1 1
gitlab.com/tsuchinaga/kabus-grpc-server/infra/security/converter.go:447.45,448.14 1 8
gitlab.com/tsuchinaga/kabus-grpc-server/infra/security/converter.go:454.2,454.38 1 2
gitlab.com/tsuchinaga/kabus-grpc-server/infra/security/converter.go:449.21,450.31 1 4
gitlab.com/tsuchinaga/kabus-grpc-server/infra/security/converter.go:451.22,452.32 1 2
gitlab.com/tsuchinaga/kabus-grpc-server/infra/security/converter.go:457.73,458.21 1 9
gitlab.com/tsuchinaga/kabus-grpc-server/infra/security/converter.go:466.2,466.53 1 2
gitlab.com/tsuchinaga/kabus-grpc-server/infra/security/converter.go:459.32,460.50 1 1
gitlab.com/tsuchinaga/kabus-grpc-server/infra/security/converter.go:461.33,462.51 1 5
gitlab.com/tsuchinaga/kabus-grpc-server/infra/security/converter.go:463.36,464.54 1 1
gitlab.com/tsuchinaga/kabus-grpc-server/infra/security/converter.go:469.68,470.19 1 8
gitlab.com/tsuchinaga/kabus-grpc-server/infra/security/converter.go:476.2,476.55 1 3
gitlab.com/tsuchinaga/kabus-grpc-server/infra/security/converter.go:471.27,472.49 1 1
gitlab.com/tsuchinaga/kabus-grpc-server/infra/security/converter.go:473.27,474.49 1 4
gitlab.com/tsuchinaga/kabus-grpc-server/infra/security/converter.go:479.60,480.17 1 14
gitlab.com/tsuchinaga/kabus-grpc-server/infra/security/converter.go:498.2,498.51 1 2
gitlab.com/tsuchinaga/kabus-grpc-server/infra/security/converter.go:481.29,482.48 1 3
gitlab.com/tsuchinaga/kabus-grpc-server/infra/security/converter.go:483.28,484.48 1 1
gitlab.com/tsuchinaga/kabus-grpc-server/infra/security/converter.go:485.28,486.48 1 1
gitlab.com/tsuchinaga/kabus-grpc-server/infra/security/converter.go:487.28,488.48 1 2
gitlab.com/tsuchinaga/kabus-grpc-server/infra/security/converter.go:489.29,490.49 1 1
gitlab.com/tsuchinaga/kabus-grpc-server/infra/security/converter.go:491.29,492.49 1 1
gitlab.com/tsuchinaga/kabus-grpc-server/infra/security/converter.go:493.31,494.51 1 1
gitlab.com/tsuchinaga/kabus-grpc-server/infra/security/converter.go:495.31,496.51 1 2
gitlab.com/tsuchinaga/kabus-grpc-server/infra/security/converter.go:501.93,502.26 1 10
gitlab.com/tsuchinaga/kabus-grpc-server/infra/security/converter.go:514.2,514.64 1 1
gitlab.com/tsuchinaga/kabus-grpc-server/infra/security/converter.go:503.34,504.58 1 1
gitlab.com/tsuchinaga/kabus-grpc-server/infra/security/converter.go:505.40,506.64 1 1
gitlab.com/tsuchinaga/kabus-grpc-server/infra/security/converter.go:507.39,508.63 1 5
gitlab.com/tsuchinaga/kabus-grpc-server/infra/security/converter.go:509.35,510.59 1 1
gitlab.com/tsuchinaga/kabus-grpc-server/infra/security/converter.go:511.37,512.61 1 1
gitlab.com/tsuchinaga/kabus-grpc-server/infra/security/converter.go:517.65,518.19 1 6
gitlab.com/tsuchinaga/kabus-grpc-server/infra/security/converter.go:524.2,524.36 1 4
gitlab.com/tsuchinaga/kabus-grpc-server/infra/security/converter.go:519.42,520.37 1 1
gitlab.com/tsuchinaga/kabus-grpc-server/infra/security/converter.go:521.41,522.36 1 1
gitlab.com/tsuchinaga/kabus-grpc-server/infra/security/converter.go:527.68,528.20 1 9
gitlab.com/tsuchinaga/kabus-grpc-server/infra/security/converter.go:534.2,534.49 1 7
gitlab.com/tsuchinaga/kabus-grpc-server/infra/security/converter.go:529.35,530.44 1 1
gitlab.com/tsuchinaga/kabus-grpc-server/infra/security/converter.go:531.34,532.43 1 1
gitlab.com/tsuchinaga/kabus-grpc-server/infra/security/converter.go:537.89,538.25 1 9
gitlab.com/tsuchinaga/kabus-grpc-server/infra/security/converter.go:546.2,546.62 1 6
gitlab.com/tsuchinaga/kabus-grpc-server/infra/security/converter.go:539.35,540.58 1 1
gitlab.com/tsuchinaga/kabus-grpc-server/infra/security/converter.go:541.40,542.64 1 1
gitlab.com/tsuchinaga/kabus-grpc-server/infra/security/converter.go:543.41,544.65 1 1
gitlab.com/tsuchinaga/kabus-grpc-server/infra/security/converter.go:549.73,550.21 1 9
gitlab.com/tsuchinaga/kabus-grpc-server/infra/security/converter.go:558.2,558.54 1 6
gitlab.com/tsuchinaga/kabus-grpc-server/infra/security/converter.go:551.28,552.47 1 1
gitlab.com/tsuchinaga/kabus-grpc-server/infra/security/converter.go:553.28,554.47 1 1
gitlab.com/tsuchinaga/kabus-grpc-server/infra/security/converter.go:555.28,556.47 1 1
gitlab.com/tsuchinaga/kabus-grpc-server/infra/security/converter.go:561.55,562.17 1 9
gitlab.com/tsuchinaga/kabus-grpc-server/infra/security/converter.go:572.2,572.25 1 5
gitlab.com/tsuchinaga/kabus-grpc-server/infra/security/converter.go:563.37,564.27 1 1
gitlab.com/tsuchinaga/kabus-grpc-server/infra/security/converter.go:565.38,566.29 1 1
gitlab.com/tsuchinaga/kabus-grpc-server/infra/security/converter.go:567.38,568.29 1 1
gitlab.com/tsuchinaga/kabus-grpc-server/infra/security/converter.go:569.38,570.29 1 1
gitlab.com/tsuchinaga/kabus-grpc-server/infra/security/converter.go:575.65,576.17 1 4
gitlab.com/tsuchinaga/kabus-grpc-server/infra/security/converter.go:576.17,578.3 1 3
gitlab.com/tsuchinaga/kabus-grpc-server/infra/security/converter.go:578.8,580.3 1 1
gitlab.com/tsuchinaga/kabus-grpc-server/infra/security/security.go:14.69,16.2 1 1
gitlab.com/tsuchinaga/kabus-grpc-server/infra/security/security.go:22.115,24.16 2 2
gitlab.com/tsuchinaga/kabus-grpc-server/infra/security/security.go:27.2,90.8 1 1
gitlab.com/tsuchinaga/kabus-grpc-server/infra/security/security.go:24.16,26.3 1 1
gitlab.com/tsuchinaga/kabus-grpc-server/infra/security/security.go:93.118,95.16 2 2
gitlab.com/tsuchinaga/kabus-grpc-server/infra/security/security.go:98.2,123.8 1 1
gitlab.com/tsuchinaga/kabus-grpc-server/infra/security/security.go:95.16,97.3 1 1
gitlab.com/tsuchinaga/kabus-grpc-server/infra/security/security.go:126.118,137.16 2 2
gitlab.com/tsuchinaga/kabus-grpc-server/infra/security/security.go:141.2,141.29 1 1
gitlab.com/tsuchinaga/kabus-grpc-server/infra/security/security.go:137.16,139.3 1 1
gitlab.com/tsuchinaga/kabus-grpc-server/infra/security/security.go:144.150,149.16 2 2
gitlab.com/tsuchinaga/kabus-grpc-server/infra/security/security.go:152.2,152.77 1 1
gitlab.com/tsuchinaga/kabus-grpc-server/infra/security/security.go:149.16,151.3 1 1
gitlab.com/tsuchinaga/kabus-grpc-server/infra/security/security.go:155.150,161.16 2 2
gitlab.com/tsuchinaga/kabus-grpc-server/infra/security/security.go:164.2,164.77 1 1
gitlab.com/tsuchinaga/kabus-grpc-server/infra/security/security.go:161.16,163.3 1 1
gitlab.com/tsuchinaga/kabus-grpc-server/infra/security/security.go:167.80,169.16 2 2
gitlab.com/tsuchinaga/kabus-grpc-server/infra/security/security.go:172.2,172.25 1 1
gitlab.com/tsuchinaga/kabus-grpc-server/infra/security/security.go:169.16,171.3 1 1
gitlab.com/tsuchinaga/kabus-grpc-server/infra/security/security.go:175.144,177.37 2 2
gitlab.com/tsuchinaga/kabus-grpc-server/infra/security/security.go:180.2,181.16 2 2
gitlab.com/tsuchinaga/kabus-grpc-server/infra/security/security.go:185.2,186.42 2 1
gitlab.com/tsuchinaga/kabus-grpc-server/infra/security/security.go:189.2,189.61 1 1
gitlab.com/tsuchinaga/kabus-grpc-server/infra/security/security.go:177.37,179.3 1 2
gitlab.com/tsuchinaga/kabus-grpc-server/infra/security/security.go:181.16,183.3 1 1
gitlab.com/tsuchinaga/kabus-grpc-server/infra/security/security.go:186.42,188.3 1 1
gitlab.com/tsuchinaga/kabus-grpc-server/infra/security/security.go:192.148,194.37 2 2
gitlab.com/tsuchinaga/kabus-grpc-server/infra/security/security.go:197.2,198.16 2 2
gitlab.com/tsuchinaga/kabus-grpc-server/infra/security/security.go:202.2,203.42 2 1
gitlab.com/tsuchinaga/kabus-grpc-server/infra/security/security.go:206.2,206.61 1 1
gitlab.com/tsuchinaga/kabus-grpc-server/infra/security/security.go:194.37,196.3 1 2
gitlab.com/tsuchinaga/kabus-grpc-server/infra/security/security.go:198.16,200.3 1 1
gitlab.com/tsuchinaga/kabus-grpc-server/infra/security/security.go:203.42,205.3 1 1
gitlab.com/tsuchinaga/kabus-grpc-server/infra/security/security.go:209.145,211.16 2 2
gitlab.com/tsuchinaga/kabus-grpc-server/infra/security/security.go:215.2,216.42 2 1
gitlab.com/tsuchinaga/kabus-grpc-server/infra/security/security.go:219.2,219.61 1 1
gitlab.com/tsuchinaga/kabus-grpc-server/infra/security/security.go:211.16,213.3 1 1
gitlab.com/tsuchinaga/kabus-grpc-server/infra/security/security.go:216.42,218.3 1 0
